2020-04-02 01:38:15,495  Category: Structure - Type: Add Page - User: 00000000D00000000000000000000005 lumissystemuser - Title: 'Added page: STR_CHANNEL_HOME_NAME' - Description: 'Added page:
  id: LumisChannelHome
  name: STR_CHANNEL_HOME_NAME
  description: STR_CHANNEL_DESCRIPTION
  channel id: null'
2020-04-02 01:38:15,952  Category: Structure - Type: Add Page - User: 00000000D00000000000000000000005 lumissystemuser - Title: 'Added page: STR_SERVICES_NAME' - Description: 'Added page:
  id: LumisServices
  name: STR_SERVICES_NAME
  description: STR_SERVICES_DESCRIPTION
  channel id: null'
2020-04-02 01:38:15,958  Category: Structure - Type: Add Page - User: 00000000D00000000000000000000005 lumissystemuser - Title: 'Added page: STR_PAGES_NAME' - Description: 'Added page:
  id: LumisPages
  name: STR_PAGES_NAME
  description: STR_PAGES_DESCRIPTION
  channel id: null'
2020-04-02 01:38:15,965  Category: Structure - Type: Add Page - User: 00000000D00000000000000000000005 lumissystemuser - Title: 'Added page: STR_SUBCHANNELS_NAME' - Description: 'Added page:
  id: LumisSubChannels
  name: STR_SUBCHANNELS_NAME
  description: STR_SUBCHANNELS_DESCRIPTION
  channel id: null'
2020-04-02 01:38:15,972  Category: Structure - Type: Add Page - User: 00000000D00000000000000000000005 lumissystemuser - Title: 'Added page: STR_PAGE_TEMPLATES_NAME' - Description: 'Added page:
  id: LumisPageTemplates
  name: STR_PAGE_TEMPLATES_NAME
  description: STR_PAGE_TEMPLATES_DESCRIPTION
  channel id: null'
2020-04-02 01:38:15,979  Category: Structure - Type: Add Page - User: 00000000D00000000000000000000005 lumissystemuser - Title: 'Added page: STR_CHANNEL_TEMPLATES_NAME' - Description: 'Added page:
  id: LumisChannelTemplates
  name: STR_CHANNEL_TEMPLATES_NAME
  description: STR_CHANNEL_TEMPLATES_DESCRIPTION
  channel id: null'
2020-04-02 01:38:15,986  Category: Structure - Type: Add Page - User: 00000000D00000000000000000000005 lumissystemuser - Title: 'Added page: STR_LOCAL_GROUPS_NAME' - Description: 'Added page:
  id: LumisLocalGroups
  name: STR_LOCAL_GROUPS_NAME
  description: STR_LOCAL_GROUPS_DESCRIPTION
  channel id: null'
2020-04-02 01:38:15,993  Category: Structure - Type: Add Page - User: 00000000D00000000000000000000005 lumissystemuser - Title: 'Added page: STR_LOCAL_USERS_NAME' - Description: 'Added page:
  id: LumisLocalUsers
  name: STR_LOCAL_USERS_NAME
  description: STR_LOCAL_USERS_DESCRIPTION
  channel id: null'
2020-04-02 01:38:16,000  Category: Structure - Type: Add Page - User: 00000000D00000000000000000000005 lumissystemuser - Title: 'Added page: STR_BLANK_PAGE' - Description: 'Added page:
  id: LumisBlankPage
  name: STR_BLANK_PAGE
  description: STR_BLANK_PAGE_DESCRIPTION
  channel id: null'
2020-04-02 01:38:16,886  Category: Website - Type: Add Website - User: 00000000D00000000000000000000005 lumissystemuser - Title: 'Added website: default' - Description: 'Added website: 
  id: 40281089713889CC01713889F2AC0143
  Name: default'
2020-04-02 01:38:16,935  Category: Website - Type: Add Website Main URL - User: 00000000D00000000000000000000005 lumissystemuser - Title: 'Added website main URL: localhost:8080/portal' - Description: 'Added website main URL: 
  id: 40281089713889CC01713889F2AD0144
  URL: localhost:8080/portal
  Website: default(40281089713889CC01713889F2AC0143)'
2020-04-02 01:38:16,937  Category: Website - Type: Add Website Main URL - User: 00000000D00000000000000000000005 lumissystemuser - Title: 'Added website main URL: localhost:8443/portal' - Description: 'Added website main URL: 
  id: 40281089713889CC01713889F2AD0145
  URL: localhost:8443/portal
  Website: default(40281089713889CC01713889F2AC0143)'
2020-04-02 01:38:16,946  Category: Website - Type: Update Website - User: 00000000D00000000000000000000005 lumissystemuser - Title: 'Updated website: default' - Description: 'Updated website: 
  id: 40281089713889CC01713889F2AC0143
  Name: default'
2020-04-02 01:42:01,278  Category: Structure - Type: Add Service Interface Instance - User: 00000000D00000000000000000000005 lumissystemuser - Title: 'Added service interface instance: STR_CHANNEL' - Description: 'Added service interface instance
  id: 00000000000000000000000000000002
  interface id: lumis.service.portalmanagement.channel.home
  display name: STR_CHANNEL
  page id: LumisChannelHome
  page name: STR_CHANNEL_HOME_NAME
  service instance id: null'
2020-04-02 01:42:01,282  Category: Structure - Type: Add Service Interface Instance - User: 00000000D00000000000000000000005 lumissystemuser - Title: 'Added service interface instance: STR_MANAGE_SERVICE_INSTANCES' - Description: 'Added service interface instance
  id: 00000000000000000000000000000000
  interface id: lumis.service.portalmanagement.serviceinstance.administration
  display name: STR_MANAGE_SERVICE_INSTANCES
  page id: LumisServices
  page name: STR_SERVICES_NAME
  service instance id: null'
2020-04-02 01:42:01,386  Category: Structure - Type: Add Service Interface Instance - User: 00000000D00000000000000000000005 lumissystemuser - Title: 'Added service interface instance: STR_MANAGE_PAGES' - Description: 'Added service interface instance
  id: 00000000000000000000000000000001
  interface id: lumis.service.portalmanagement.page.administration
  display name: STR_MANAGE_PAGES
  page id: LumisPages
  page name: STR_PAGES_NAME
  service instance id: null'
2020-04-02 01:42:01,390  Category: Structure - Type: Add Service Interface Instance - User: 00000000D00000000000000000000005 lumissystemuser - Title: 'Added service interface instance: STR_MANAGE_SUBCHANNELS' - Description: 'Added service interface instance
  id: 00000000000000000000000000000003
  interface id: lumis.service.portalmanagement.channel.administration
  display name: STR_MANAGE_SUBCHANNELS
  page id: LumisSubChannels
  page name: STR_SUBCHANNELS_NAME
  service instance id: null'
2020-04-02 01:42:01,393  Category: Structure - Type: Add Service Interface Instance - User: 00000000D00000000000000000000005 lumissystemuser - Title: 'Added service interface instance: STR_MANAGE_CHANNEL_TEMPLATES' - Description: 'Added service interface instance
  id: 00000000000000000000000000000008
  interface id: lumis.service.portalmanagement.channeltemplate.administration
  display name: STR_MANAGE_CHANNEL_TEMPLATES
  page id: LumisChannelTemplates
  page name: STR_CHANNEL_TEMPLATES_NAME
  service instance id: null'
2020-04-02 01:42:01,395  Category: Structure - Type: Add Service Interface Instance - User: 00000000D00000000000000000000005 lumissystemuser - Title: 'Added service interface instance: STR_MANAGE_PAGE_TEMPLATES' - Description: 'Added service interface instance
  id: 00000000000000000000000000000004
  interface id: lumis.service.portalmanagement.pagetemplate.administration
  display name: STR_MANAGE_PAGE_TEMPLATES
  page id: LumisPageTemplates
  page name: STR_PAGE_TEMPLATES_NAME
  service instance id: null'
2020-04-02 01:42:01,398  Category: Structure - Type: Add Service Interface Instance - User: 00000000D00000000000000000000005 lumissystemuser - Title: 'Added service interface instance: STR_USER_ADMINISTRATION' - Description: 'Added service interface instance
  id: 00000000000000000000000000000006
  interface id: lumis.service.portalmanagement.localuser.administration
  display name: STR_USER_ADMINISTRATION
  page id: LumisLocalUsers
  page name: STR_LOCAL_USERS_NAME
  service instance id: null'
2020-04-02 01:42:01,401  Category: Structure - Type: Add Service Interface Instance - User: 00000000D00000000000000000000005 lumissystemuser - Title: 'Added service interface instance: STR_GROUP_ADMINISTRATION' - Description: 'Added service interface instance
  id: 00000000000000000000000000000007
  interface id: lumis.service.portalmanagement.localgroup.administration
  display name: STR_GROUP_ADMINISTRATION
  page id: LumisLocalGroups
  page name: STR_LOCAL_GROUPS_NAME
  service instance id: null'
2020-04-02 01:42:02,381  Category: Structure - Type: Add Page - User: 00000000D00000000000000000000005 lumissystemuser - Title: 'Added page: STR_WELCOME' - Description: 'Added page:
  id: 1D6530765D5644709741AEAA3622D3BC
  name: STR_WELCOME
  description: STR_WELCOME
  channel id: 00000000F00000000000000000000001
  channel name: Portal'
2020-04-02 01:42:05,222  Category: Structure - Type: Add Channel - User: 00000000D00000000000000000000005 lumissystemuser - Title: 'Added channel: Auto Administration Channel' - Description: 'Added channel:
  id: 00000000F00000000000000000000002
  name: Auto Administration Channel
  description: Channel that contains the Auto Administration Default page.'
2020-04-02 01:42:06,171  Category: Structure - Type: Add Service Instance - User: 00000000D00000000000000000000005 lumissystemuser - Title: 'Added service instance: Auto Administration' - Description: 'Added service instance:
  id: 00000000E00000000000000000000002
  name: Auto Administration
  description: Hidden Auto Administration Service Instance
  service id: lumis.service.autoadministration
  channel id: 00000000F00000000000000000000002
  channel name: Auto Administration Channel'
2020-04-02 01:42:07,313  Category: Structure - Type: Add Page - User: 00000000D00000000000000000000005 lumissystemuser - Title: 'Added page: Dashboard' - Description: 'Added page:
  id: 00000000E00000000000000000000001
  name: Dashboard
  description: Dashboard
  channel id: 00000000F00000000000000000000002
  channel name: Auto Administration Channel'
2020-04-02 01:42:07,316  Category: Structure - Type: Add Service Interface Instance - User: 00000000D00000000000000000000005 lumissystemuser - Title: 'Added service interface instance: STR_INTERFACE_HOLDER_NAME' - Description: 'Added service interface instance
  id: 00000000E00000000000000000000003
  interface id: lumis.service.autoadministration.interfaceHolder
  display name: STR_INTERFACE_HOLDER_NAME
  page id: 00000000E00000000000000000000001
  page name: Dashboard
  service instance id: 00000000E00000000000000000000002'
2020-04-02 01:42:07,318  Category: Structure - Type: Add Service Interface Instance - User: 00000000D00000000000000000000005 lumissystemuser - Title: 'Added service interface instance: STR_INTERFACE_NAVIGATION_NAME' - Description: 'Added service interface instance
  id: 00000000E00000000000000000000004
  interface id: lumis.service.autoadministration.navigation
  display name: STR_INTERFACE_NAVIGATION_NAME
  page id: 00000000E00000000000000000000001
  page name: Dashboard
  service instance id: 00000000E00000000000000000000002'
2020-04-02 01:42:09,179  Category: Structure - Type: Add Service Instance - User: 00000000D00000000000000000000005 lumissystemuser - Title: 'Added service instance: Activity Stream' - Description: 'Added service instance:
  id: 00000000E00000000000000000000005
  name: Activity Stream
  description: Hidden Activity Stream Service Instance
  service id: lumis.service.activitystream
  channel id: 00000000F00000000000000000000002
  channel name: Auto Administration Channel'
2020-04-02 01:42:09,534  Category: Structure - Type: Add Service Interface Instance - User: 00000000D00000000000000000000005 lumissystemuser - Title: 'Added service interface instance: STR_NOTIFICATIONS' - Description: 'Added service interface instance
  id: 00000000E00000000000000000000006
  interface id: lumis.service.activitystream.notifications
  display name: STR_NOTIFICATIONS
  page id: null
  service instance id: 00000000E00000000000000000000005'
2020-04-02 01:42:10,013  Category: Structure - Type: Update Page - User: 00000000D00000000000000000000005 lumissystemuser - Title: 'Updated page: Dashboard' - Description: 'Updated page:
  id: 00000000E00000000000000000000001
  name: Dashboard
  description: Dashboard
  channel id: 00000000F00000000000000000000002
  channel name: Auto Administration Channel'
