2020-04-04 23:43:57,362 INFO       [main] lumis.portal.PortalConfiguration - LumisXP core system initializing...
2020-04-04 23:43:57,480 INFO       [main] lumis.portal.manager.ManagerFactoryInternal - ClusterManager instantiated: lumis.portal.cluster.SingleServerClusterManager@6870c3c2
2020-04-04 23:43:58,427 INFO       [main] lumis.portal.PortalConfiguration - LumisXP core system initialized.
2020-04-04 23:48:34,298 INFO       [main] lumis.portal.PortalConfiguration - LumisXP shutting down...
2020-04-04 23:48:34,309 INFO       [main] lumis.portal.PortalConfiguration - LumisXP shut down completed.
2020-04-04 23:48:40,381 INFO       [main] lumis.portal.PortalConfiguration - LumisXP core system initializing...
2020-04-04 23:48:46,247 INFO       [main] lumis.portal.manager.ManagerFactoryInternal - ClusterManager instantiated: lumis.portal.cluster.SingleServerClusterManager@49f9758
2020-04-04 23:48:52,689 INFO       [main] lumis.portal.PortalConfiguration - LumisXP core system initialized.
2020-04-04 23:48:52,858 INFO       [ExecutorManager-2] lumis.portal.bigdata.elasticsearch.ElasticsearchRepository - Initializing ElasticsearchRepository...
2020-04-04 23:49:07,586 INFO       [ExecutorManager-2] lumis.portal.bigdata.elasticsearch.ElasticsearchRepository - ElasticsearchRepository initialized.
2020-04-04 23:49:54,825 ERROR      [Portal Clock [lumis.portal.geolocation.MaxMindDBUpdateClock]] lumis.portal.geolocation.MaxMindDBUpdateClock - Error downloading file for MaxMindDB update
java.io.IOException: Server returned HTTP response code: 401 for URL: http://download.maxmind.com/app/geoip_download?edition_id=GeoLite2-City&license_key=null&suffix=tar.gz
	at java.base/sun.net.www.protocol.http.HttpURLConnection.getInputStream0(HttpURLConnection.java:1919)
	at java.base/sun.net.www.protocol.http.HttpURLConnection.getInputStream(HttpURLConnection.java:1515)
	at java.base/java.net.URL.openStream(URL.java:1140)
	at lumis.portal.geolocation.MaxMindDBUpdateClock.getDatabaseFile(MaxMindDBUpdateClock.java:146)
	at lumis.portal.geolocation.MaxMindDBUpdateClock.doTick(MaxMindDBUpdateClock.java:68)
	at lumis.portal.clock.ClockManager.executeSchedule(ClockManager.java:205)
	at lumis.portal.clock.ClockThread.run(ClockThreadPool.java:98)
	at java.base/java.lang.Thread.run(Thread.java:834)
2020-04-04 23:52:51,290 INFO       [QueueProcessor 1 - 2C988089714798B70171479C7988008B] lumis.portal.monitor.impl.MonitorUserReindexAllTask - Reindexing all monitor users completed. 4 users reindexed.
2020-04-05 00:02:14,810 ERROR      [Portal Clock [lumis.service.portalmanagement.upgrade.upgradeCheckClock]] lumis.service.portalmanagement.upgrade.UpgradeCheckClock - Error checking available versions.
javax.net.ssl.SSLHandshakeException: Remote host terminated the handshake
	at java.base/sun.security.ssl.SSLSocketImpl.handleEOF(SSLSocketImpl.java:1320)
	at java.base/sun.security.ssl.SSLSocketImpl.decode(SSLSocketImpl.java:1159)
	at java.base/sun.security.ssl.SSLSocketImpl.readHandshakeRecord(SSLSocketImpl.java:1062)
	at java.base/sun.security.ssl.SSLSocketImpl.startHandshake(SSLSocketImpl.java:402)
	at org.apache.http.conn.ssl.SSLConnectionSocketFactory.createLayeredSocket(SSLConnectionSocketFactory.java:404)
	at org.apache.http.conn.ssl.SSLConnectionSocketFactory.connectSocket(SSLConnectionSocketFactory.java:364)
	at org.apache.http.impl.conn.DefaultHttpClientConnectionOperator.connect(DefaultHttpClientConnectionOperator.java:142)
	at org.apache.http.impl.conn.PoolingHttpClientConnectionManager.connect(PoolingHttpClientConnectionManager.java:374)
	at org.apache.http.impl.execchain.MainClientExec.establishRoute(MainClientExec.java:393)
	at org.apache.http.impl.execchain.MainClientExec.execute(MainClientExec.java:236)
	at org.apache.http.impl.execchain.ProtocolExec.execute(ProtocolExec.java:185)
	at org.apache.http.impl.execchain.RetryExec.execute(RetryExec.java:89)
	at org.apache.http.impl.execchain.RedirectExec.execute(RedirectExec.java:110)
	at org.apache.http.impl.client.InternalHttpClient.doExecute(InternalHttpClient.java:185)
	at org.apache.http.impl.client.CloseableHttpClient.execute(CloseableHttpClient.java:83)
	at org.apache.http.impl.client.CloseableHttpClient.execute(CloseableHttpClient.java:56)
	at org.apache.http.client.fluent.Request.internalExecute(Request.java:173)
	at org.apache.http.client.fluent.Request.execute(Request.java:177)
	at lumis.service.portalmanagement.upgrade.UpgradeUtil.getAllAvailableVersions(UpgradeUtil.java:141)
	at lumis.service.portalmanagement.upgrade.UpgradeUtil.getAvailableUpgradeVersions(UpgradeUtil.java:116)
	at lumis.service.portalmanagement.upgrade.UpgradeCheckClock.doTick(UpgradeCheckClock.java:33)
	at lumis.portal.clock.ClockManager.executeSchedule(ClockManager.java:205)
	at lumis.portal.clock.ClockThread.run(ClockThreadPool.java:98)
	at java.base/java.lang.Thread.run(Thread.java:834)
Caused by: java.io.EOFException: SSL peer shut down incorrectly
	at java.base/sun.security.ssl.SSLSocketInputRecord.decode(SSLSocketInputRecord.java:167)
	at java.base/sun.security.ssl.SSLTransport.decode(SSLTransport.java:108)
	at java.base/sun.security.ssl.SSLSocketImpl.decode(SSLSocketImpl.java:1151)
	... 22 more
2020-04-05 01:01:54,802 INFO       [LumisXP Clock] lumis.portal.clock.ClockManager - Clock execution postponed because Big Data synonyms are being updated.
2020-04-05 01:01:56,055 WARN       [Portal Clock [lumis.service.search.synonym.lumis.service.search.synonym.SynonymClock]] lumis.portal.bigdata.elasticsearch.ElasticsearchRepository - Cluster active shards didn't return to 100% in timemout.
2020-04-05 01:19:47,777 WARN  172.24.0.1 admin    [LumisRequest - ajp-nio-8009-exec-3; url: [http://localhost/dkjhadskjg/dfa.lumis]; login: [admin]] lumis.portal.security.csr.CrossSiteRequestFilter - The request is not allowed to access this site: Origin: ''; Method: 'GET'; Path: '/dkjhadskjg/dfa'. Blocking access...
2020-04-05 01:21:08,584 WARN  172.24.0.1 admin    [LumisRequest - ajp-nio-8009-exec-6; url: [http://localhost/dkjhadskjg/dfa.lumis]; login: [admin]] lumis.portal.security.csr.CrossSiteRequestFilter - The request is not allowed to access this site: Origin: ''; Method: 'GET'; Path: '/dkjhadskjg/dfa'. Blocking access...
2020-04-05 14:19:42,702 INFO       [ElasticsearchRepository shutdown hook] lumis.portal.bigdata.elasticsearch.ElasticsearchRepository - Destroying ElasticsearchRepository...
2020-04-05 14:19:43,541 INFO       [ElasticsearchRepository shutdown hook] lumis.portal.bigdata.elasticsearch.ElasticsearchRepository - ElasticsearchRepository destroyed.
2020-04-05 14:19:45,978 INFO       [Thread-37] lumis.portal.PortalConfiguration - LumisXP shutting down...
2020-04-05 14:19:46,562 INFO       [Thread-37] lumis.portal.bigdata.elasticsearch.ElasticsearchRepository - Destroying ElasticsearchRepository...
2020-04-05 14:19:46,562 INFO       [Thread-37] lumis.portal.bigdata.elasticsearch.ElasticsearchRepository - ElasticsearchRepository destroyed.
2020-04-05 14:19:46,581 INFO       [Thread-37] lumis.portal.PortalConfiguration - LumisXP shut down completed.
